TN:
SF:/Users/reynaldogarcia/projects/react/js/Search.jsx
FN:5,getInitialState
FN:5,handleSearchTermEvent
FN:5,render
FN:23,(anonymous_4)
FN:24,(anonymous_5)
FNF:5
FNH:5
FNDA:3,getInitialState
FNDA:1,handleSearchTermEvent
FNDA:4,render
FNDA:84,(anonymous_4)
FNDA:65,(anonymous_5)
DA:1,1
DA:2,1
DA:3,1
DA:5,1
DA:7,3
DA:12,1
DA:14,4
DA:15,4
DA:23,84
DA:24,65
DA:33,1
LF:11
LH:11
BRF:0
BRH:0
end_of_record
TN:
SF:/Users/reynaldogarcia/projects/react/js/ShowCard.jsx
FN:3,ShowCard
FNF:1
FNH:1
FNDA:23,ShowCard
DA:1,1
DA:3,23
DA:16,1
DA:23,1
LF:4
LH:4
BRF:0
BRH:0
end_of_record
